INFO    0.000 s: tankerco.truck0 : going for refill
INFO    0.000 s: tankerco.truck1 : going for refill
INFO    1.520 s: station1        : car0 awaiting pump
INFO    1.520 s: station1        : car0 at pump
INFO    15.520 s: station1        : car0 pumped 28L in 14s
INFO    19.297 s: station2        : car0 awaiting pump
INFO    19.297 s: station2        : car0 at pump
INFO    24.755 s: station2        : car1 awaiting pump
INFO    24.755 s: station2        : car1 at pump
INFO    25.259 s: tankerco.truck0 : refilling
INFO    26.693 s: station2        : car2 awaiting pump
INFO    35.297 s: station2        : car0 pumped 32L in 16s
INFO    35.297 s: station2        : car2 at pump
INFO    41.496 s: station2        : car3 awaiting pump
INFO    45.259 s: tankerco.truck0 : refilled 200L in 20s
INFO    46.255 s: station2        : car1 pumped 43L in 22s
INFO    46.255 s: station2        : car3 at pump
INFO    49.797 s: station2        : car2 pumped 29L in 14s
INFO    60.255 s: station2        : car3 pumped 28L in 14s
INFO    61.204 s: station0        : car0 awaiting pump
INFO    61.204 s: station0        : car0 at pump
INFO    69.270 s: station1        : car1 awaiting pump
INFO    69.270 s: station1        : car1 at pump
INFO    73.704 s: station0        : car0 pumped 25L in 13s
INFO    74.505 s: station0        : car1 awaiting pump
INFO    74.505 s: station0        : car1 at pump
INFO    85.270 s: station1        : car1 pumped 32L in 16s
INFO    88.005 s: station0        : car1 pumped 27L in 14s
INFO    89.447 s: station0        : car2 awaiting pump
INFO    89.447 s: station0        : car2 at pump
INFO    96.777 s: station2        : car4 awaiting pump
INFO    96.777 s: station2        : car4 at pump
INFO    109.006 s: station0        : car3 awaiting pump
INFO    109.006 s: station0        : car3 at pump
INFO    111.947 s: station0        : car2 pumped 45L in 22s
INFO    116.777 s: station2        : car4 pumped 40L in 20s
INFO    126.506 s: station0        : car3 pumped 35L in 18s
INFO    133.359 s: tankerco.truck1 : refilling
INFO    141.774 s: station1        : car2 awaiting pump
INFO    141.774 s: station1        : car2 at pump
INFO    153.359 s: tankerco.truck1 : refilled 200L in 20s
INFO    161.274 s: station1        : car2 pumped 39L in 20s
INFO    161.307 s: station1        : car3 awaiting pump
INFO    161.307 s: station1        : car3 at pump
INFO    178.807 s: station1        : car3 pumped 35L in 18s
INFO    180.874 s: station0        : car4 awaiting pump
INFO    180.874 s: station0        : car4 at pump
INFO    182.106 s: station2        : car5 awaiting pump
INFO    182.106 s: station2        : car5 at pump
INFO    185.606 s: tankerco        : dispatching truck0 to station2
INFO    185.606 s: tankerco.truck0 : traveling to station2
INFO    187.343 s: station0        : car5 awaiting pump
INFO    187.343 s: station0        : car5 at pump
INFO    188.209 s: station2        : car6 awaiting pump
INFO    188.209 s: station2        : car6 at pump
INFO    195.843 s: tankerco        : dispatching truck1 to station0
INFO    195.843 s: tankerco.truck1 : traveling to station0
INFO    197.374 s: station0        : car4 pumped 33L in 16s
INFO    202.843 s: station0        : car5 pumped 31L in 16s
INFO    204.051 s: tankerco.truck1 : arrived at station0
INFO    223.651 s: tankerco.truck1 : done pumping
INFO    234.311 s: station2        : car7 awaiting pump
INFO    255.130 s: station2        : car8 awaiting pump
INFO    278.171 s: tankerco.truck0 : arrived at station2
INFO    285.271 s: station2        : car5 pumped 34L in 103s
INFO    285.271 s: station2        : car7 at pump
INFO    286.087 s: station0        : car6 awaiting pump
INFO    286.087 s: station0        : car6 at pump
INFO    290.871 s: station2        : car6 pumped 33L in 103s
INFO    290.871 s: station2        : car8 at pump
INFO    298.171 s: tankerco.truck0 : done pumping
INFO    298.171 s: tankerco.truck0 : going for refill
INFO    302.271 s: station2        : car7 pumped 34L in 17s
INFO    307.587 s: station0        : car6 pumped 43L in 22s
INFO    312.871 s: station2        : car8 pumped 44L in 22s
INFO    314.565 s: station2        : car9 awaiting pump
INFO    314.565 s: station2        : car9 at pump
INFO    336.065 s: station2        : car9 pumped 43L in 22s
INFO    337.760 s: station0        : car7 awaiting pump
INFO    337.760 s: station0        : car7 at pump
INFO    350.399 s: station1        : car4 awaiting pump
INFO    350.399 s: station1        : car4 at pump
INFO    358.760 s: station0        : car7 pumped 42L in 21s
INFO    365.899 s: station1        : car4 pumped 31L in 16s
INFO    379.093 s: station1        : car5 awaiting pump
INFO    379.093 s: station1        : car5 at pump
INFO    386.093 s: tankerco        : dispatching truck0 to station1
INFO    396.093 s: station1        : car5 pumped 34L in 17s
INFO    403.551 s: station2        : car10 awaiting pump
INFO    403.551 s: station2        : car10 at pump
INFO    406.424 s: tankerco.truck0 : refilling
INFO    413.051 s: tankerco        : dispatching truck1 to station2
INFO    413.051 s: tankerco.truck1 : traveling to station2
INFO    414.202 s: station2        : car11 awaiting pump
INFO    414.202 s: station2        : car11 at pump
INFO    426.424 s: tankerco.truck0 : refilled 200L in 20s
INFO    426.424 s: tankerco.truck0 : traveling to station1
INFO    432.837 s: station2        : car12 awaiting pump
INFO    433.832 s: tankerco.truck0 : arrived at station1
INFO    436.561 s: tankerco.truck1 : arrived at station2
INFO    436.961 s: tankerco.truck1 : done pumping
INFO    436.961 s: tankerco.truck1 : going for refill
INFO    436.961 s: tankerco        : dispatching truck0 to station2
INFO    439.677 s: station1        : car6 awaiting pump
INFO    439.677 s: station1        : car6 at pump
INFO    453.753 s: station0        : car8 awaiting pump
INFO    453.753 s: station0        : car8 at pump
INFO    453.832 s: tankerco.truck0 : done pumping
INFO    453.832 s: tankerco.truck0 : going for refill
INFO    455.177 s: station1        : car6 pumped 31L in 16s
INFO    456.524 s: station1        : car7 awaiting pump
INFO    456.524 s: station1        : car7 at pump
INFO    466.253 s: station0        : car8 pumped 25L in 12s
INFO    471.402 s: station1        : car8 awaiting pump
INFO    471.402 s: station1        : car8 at pump
INFO    474.024 s: station1        : car7 pumped 35L in 18s
INFO    482.382 s: station0        : car9 awaiting pump
INFO    482.382 s: station0        : car9 at pump
INFO    493.305 s: station2        : car13 awaiting pump
INFO    493.402 s: station1        : car8 pumped 44L in 22s
INFO    497.990 s: station0        : car10 awaiting pump
INFO    497.990 s: station0        : car10 at pump
